Combined coverage report
========================

---

# Python (pytest-cov)

== Python tests + coverage ==
============================= test session starts ==============================
platform linux -- Python 3.12.3, pytest-9.0.3, pluggy-1.6.0
rootdir: /home/fronk/ECE493/Capstone/Group/Capstone-Test-Repo
configfile: pytest.ini
plugins: cov-7.1.0, anyio-4.13.0
collected 446 items

tests/test_bedbath_enrichment.py ............                            [  2%]
tests/test_census_ingest.py ...                                          [  3%]
tests/test_coverage_targets.py ........................                  [  8%]
tests/test_crime_ingest.py ..                                            [  9%]
tests/test_data_sourcing_coverage_gaps.py .............................. [ 15%]
                                                                         [ 15%]
tests/test_ingest_cli.py ...                                             [ 16%]
tests/test_more_coverage_small_modules.py ............                   [ 19%]
tests/test_pipelines_full_coverage.py .................................. [ 26%]
....................................................                     [ 38%]
tests/test_pipelines_more_coverage.py ......                             [ 39%]
tests/test_property_estimator.py ..........                              [ 42%]
tests/test_road_enrichment.py .                                          [ 42%]
tests/test_testingstage_services.py ......                               [ 43%]
tests/test_transit_services.py ...                                       [ 44%]
tests/test_untested_scripts_more.py .......................              [ 49%]
src/backend/tests/acceptance/test_out_of_bounds.py .                     [ 49%]
src/backend/tests/acceptance/test_uc01_uc02_inputs.py ...                [ 50%]
src/backend/tests/acceptance/test_uc03_click.py ..                       [ 50%]
src/backend/tests/acceptance/test_uc03_missing_coords.py .               [ 51%]
src/backend/tests/acceptance/test_uc23_uc26_uc28.py ......               [ 52%]
src/backend/tests/acceptance/test_uc23_unresolvable.py .                 [ 52%]
src/backend/tests/acceptance/test_uc24_not_found.py .                    [ 52%]
src/backend/tests/acceptance/test_uc25_layers.py .                       [ 53%]
src/backend/tests/acceptance/test_uc29_cache.py .                        [ 53%]
src/backend/tests/acceptance/test_uc31_health.py ..                      [ 53%]
src/backend/tests/acceptance/test_uc32_invalid_inputs.py ..              [ 54%]
src/backend/tests/contract/test_contracts.py .......                     [ 55%]
src/backend/tests/integration/test_additional_branches.py ....           [ 56%]
src/backend/tests/integration/test_api_additional.py ............        [ 59%]
src/backend/tests/integration/test_app_additional.py ........            [ 61%]
src/backend/tests/integration/test_app_exceptions.py .                   [ 61%]
src/backend/tests/integration/test_config.py .                           [ 61%]
src/backend/tests/integration/test_cors.py ..                            [ 62%]
src/backend/tests/integration/test_estimates_payload_parsing.py ..       [ 62%]
src/backend/tests/integration/test_flow.py ..                            [ 63%]
src/backend/tests/integration/test_health_additional.py .......          [ 64%]
src/backend/tests/integration/test_health_feature_store_down.py .        [ 64%]
src/backend/tests/integration/test_health_jobs.py ...                    [ 65%]
src/backend/tests/integration/test_ingestion_jobs.py ................... [ 69%]
..........                                                               [ 71%]
src/backend/tests/integration/test_metrics_cache_ratio.py .              [ 72%]
src/backend/tests/integration/test_precompute_grid_additional.py ....    [ 73%]
src/backend/tests/integration/test_properties_auth_refresh.py .......... [ 75%]
..                                                                       [ 75%]
src/backend/tests/integration/test_search_resolve_variants.py ..         [ 76%]
src/backend/tests/integration/test_services.py .......                   [ 77%]
src/backend/tests/support/test_config_additional.py ..                   [ 78%]
src/backend/tests/support/test_db_queries.py .....                       [ 79%]
src/backend/tests/support/test_services_misc.py ......                   [ 80%]
src/backend/tests/support/test_validation.py .....                       [ 81%]
scripts/Tests/test_ingest_data_folder_tests.py ...............           [ 85%]
src/estimator/Tests/test_estimator_additional.py ..                      [ 85%]
src/estimator/Tests/test_estimator_internal_tests.py ................... [ 89%]
....                                                                     [ 90%]
src/estimator/Tests/test_estimator_tests.py ......                       [ 92%]
src/estimator/Tests/test_runtime_services_additional.py ............     [ 94%]
src/data_sourcing/Tests/test_data_sourcing_tests.py ............         [ 97%]
src/data_sourcing/Tests/test_workflow_source_fetcher.py ...........      [100%]

================================ tests coverage ================================
_______________ coverage: platform linux, python 3.12.3-final-0 ________________

Name                                            Stmts   Miss Branch BrPart  Cover   Missing
-------------------------------------------------------------------------------------------
scripts/ingest_data_folder.py                     174      0     60      0   100%
src/backend/src/__init__.py                         0      0      0      0   100%
src/backend/src/api/__init__.py                     0      0      0      0   100%
src/backend/src/api/estimates.py                  194      0     62      0   100%
src/backend/src/api/health.py                      93      0     20      0   100%
src/backend/src/api/ingestion_jobs.py             240      0     92      0   100%
src/backend/src/api/layers.py                      18      0      4      0   100%
src/backend/src/api/locations.py                   36      0     10      0   100%
src/backend/src/api/properties.py                  97      0     20      0   100%
src/backend/src/api/refresh_jobs.py                16      0      0      0   100%
src/backend/src/api/search.py                      63      0     22      0   100%
src/backend/src/app.py                            100      0      8      0   100%
src/backend/src/config.py                          68      0     14      0   100%
src/backend/src/db/__init__.py                      0      0      0      0   100%
src/backend/src/db/connection.py                    6      0      0      0   100%
src/backend/src/db/queries.py                     141      0     38      0   100%
src/backend/src/jobs/__init__.py                    0      0      0      0   100%
src/backend/src/jobs/precompute_grid.py           166      0     34      0   100%
src/backend/src/services/__init__.py                0      0      0      0   100%
src/backend/src/services/auth.py                   18      0     10      0   100%
src/backend/src/services/cache.py                  39      0      8      0   100%
src/backend/src/services/errors.py                  8      0      0      0   100%
src/backend/src/services/features.py               57      0     18      0   100%
src/backend/src/services/metrics.py                25      0      2      0   100%
src/backend/src/services/property_viewport.py      78      0     24      0   100%
src/backend/src/services/routing.py                32      0      8      0   100%
src/backend/src/services/validation.py            139      0     64      0   100%
src/backend/src/services/warnings.py                8      0      2      0   100%
src/data_sourcing/__init__.py                       5      0      0      0   100%
src/data_sourcing/address_normalization.py        119      0     32      0   100%
src/data_sourcing/attribute_schema.py              12      0      2      0   100%
src/data_sourcing/bedbath_models.py               112      0     34      0   100%
src/data_sourcing/cli.py                          112      0     38      0   100%
src/data_sourcing/config.py                        23      0      0      0   100%
src/data_sourcing/database.py                      58      0      4      0   100%
src/data_sourcing/enrich_bedbath.py               441      0    124      0   100%
src/data_sourcing/permit_parser.py                 42      0     14      0   100%
src/data_sourcing/pipelines.py                   1110      0    424      0   100%
src/data_sourcing/promotion.py                     78      0     34      0   100%
src/data_sourcing/property_matcher.py             114      0     48      0   100%
src/data_sourcing/reporting.py                     33      0      4      0   100%
src/data_sourcing/service.py                      144      0     50      0   100%
src/data_sourcing/source_clients.py                87      0     26      0   100%
src/data_sourcing/source_fetcher.py               487      0    246      0   100%
src/data_sourcing/source_loader.py                 18      0      0      0   100%
src/data_sourcing/source_registry.py               27      0     10      0   100%
src/data_sourcing/validate_bedbath.py              22      0      2      0   100%
src/data_sourcing/workflow.py                      81      0     20      0   100%
src/estimator/__init__.py                           8      0      0      0   100%
src/estimator/property_estimator.py               481      0    140      0   100%
src/estimator/proximity.py                        403      0    138      0   100%
src/estimator/runtime_services.py                 147      0     32      0   100%
src/estimator/simple_estimator.py                  11      0      2      0   100%
-------------------------------------------------------------------------------------------
TOTAL                                            5991      0   1944      0   100%
Coverage HTML written to dir coverage/python/html
Coverage XML written to file coverage/python/coverage.xml
Required test coverage of 100% reached. Total coverage: 100.00%
============================= 446 passed in 31.66s =============================

---

# Frontend (node --test --experimental-test-coverage)

== Frontend (node --test) + coverage ==

> test:frontend:coverage
> node --test --experimental-test-coverage --test-coverage-include=src/frontend/src/**/*.js --test-coverage-exclude=src/frontend/src/services/api/mockData.js --test-coverage-exclude=src/frontend/src/app.js src/frontend/tests/*.test.js

[32m✔ api fallback helper covers non-status and retryable status branches [90m(1.095877ms)[39m[39m
[32m✔ api client falls back from live network failures [90m(181.551095ms)[39m[39m
[32m✔ api client respects disabled mock fallback and sends live estimate auth headers [90m(41.553094ms)[39m[39m
[32m✔ api client supports mock-mode aborts and optional cursor parameters [90m(202.641089ms)[39m[39m
[32m✔ app navigation uses setAttribute when body.dataset is missing [90m(41.173159ms)[39m[39m
[32m✔ app property hydration uses cached property details when available [90m(74.935196ms)[39m[39m
[32m✔ app helper matches properties by id, by coordinates, and handles missing inputs [90m(2.931441ms)[39m[39m
[32m✔ app navigation opens sidebar and switches pages [90m(1.139807ms)[39m[39m
[32m✔ app reset handler restores default selection state [90m(6.239257ms)[39m[39m
[32m✔ app hydration falls back cleanly when detail fetch fails or property id is missing [90m(63.727092ms)[39m[39m
[32m✔ app shows Auto API badge when live mode is preferred [90m(1.079255ms)[39m[39m
[32m✔ app navigation uses dataset-backed page switching and ignores invalid pages [90m(1.049572ms)[39m[39m
[32m✔ app navigation tolerates missing sidebar/overlay elements [90m(25.208735ms)[39m[39m
[32m✔ config ignores blank env keys while parsing valid entries [90m(3.641446ms)[39m[39m
[32m✔ config falls back to defaults when app env is unavailable [90m(1.719209ms)[39m[39m
[32m✔ config falls back to defaults when app env fetch throws [90m(1.516181ms)[39m[39m
[32m✔ config normalizes invalid provider values back to db [90m(2.061151ms)[39m[39m
[32m✔ config loads runtime env values and normalizes providers [90m(2.267741ms)[39m[39m
[32m✔ store updates layers, property layer, and subscriptions [90m(3.624824ms)[39m[39m
[32m✔ dom helpers and debounce support basic UI interactions [90m(16.612689ms)[39m[39m
[32m✔ search controller covers suggestions, resolved, ambiguous, unsupported, and error flows [90m(1633.439397ms)[39m[39m
[32m✔ map selection controller handles resolved, unsupported, unresolved, and error outcomes [90m(2.94094ms)[39m[39m
[32m✔ warning controller renders confidence, warnings, dismiss, and restore flows [90m(1.620663ms)[39m[39m
[32m✔ warning controller handles empty payloads and no-op toggle/indicator branches [90m(0.542596ms)[39m[39m
[32m✔ warning controller tolerates a missing warning indicator element [90m(0.339568ms)[39m[39m
[32m✔ estimate controller validates inputs, renders estimates, and resets state [90m(32.073698ms)[39m[39m
[32m✔ dom helpers handle null elements without throwing [90m(2.187005ms)[39m[39m
[32m✔ ingestion controller handles validation errors and reset [90m(4.096181ms)[39m[39m
[32m✔ ingestion controller guard branches for missing elements [90m(7.03356ms)[39m[39m
[32m✔ ingestion controller uses API result statuses [90m(4.498676ms)[39m[39m
[32m✔ ingestion controller fallback handles validate-only and partial files [90m(5.098262ms)[39m[39m
[32m✔ ingestion controller covers status aliases, missing stats, and extension fallback messaging [90m(4.459495ms)[39m[39m
[32m✔ ingestion controller fallback treats large files as partial ingestion [90m(2.638179ms)[39m[39m
[32m✔ ingestion controller reset fallback clears all fields when form.reset is absent [90m(2.661924ms)[39m[39m
[32m✔ ingestion controller skips reset wiring when reset button is missing [90m(2.179881ms)[39m[39m
[32m✔ ingestion controller guard covers each missing required element branch [90m(0.332444ms)[39m[39m
[32m✔ ingestion controller covers invalid filename branch and missing status normalization [90m(6.084908ms)[39m[39m
[32m✔ ingestion controller handles missing source input and blank dataset type values [90m(2.67736ms)[39m[39m
[32m✔ ingestion controller covers blank trigger values and empty file list branches [90m(1.256162ms)[39m[39m
[32m✔ ingestion controller rejects files missing a name [90m(0.315822ms)[39m[39m
[32m✔ layer controller supports a build with assessment properties disabled [90m(5.896128ms)[39m[39m
[32m✔ layer controller handles stale generic requests, property aborts, cache expiry, and prefetch failures [90m(528.700734ms)[39m[39m
[32m✔ layer controller renders unavailable generic state and partial property state [90m(13.074538ms)[39m[39m
[32m✔ api client uses live APIs, falls back to mock on configured failures, and propagates validation errors [90m(579.672671ms)[39m[39m
[32m✔ layer controller handles property caching, generic layer toggles, partial states, and outages [90m(886.580763ms)[39m[39m
[32m✔ map adapter covers deferred load, missing cards, ignored clicks, and generic interaction fallbacks [90m(409.443661ms)[39m[39m
[32m✔ map adapter supports selection, generic layers, assessment layers, interactions, and reset flows [90m(1065.295259ms)[39m[39m
[32m✔ map adapter handles missing MapLibre and default viewport fallback [90m(0.549719ms)[39m[39m
[32m✔ app bootstrap wires the integrated frontend flows [90m(832.640089ms)[39m[39m
[32m✔ property detail controller renders empty and populated states and supports closing [90m(23.446783ms)[39m[39m
[34mℹ tests 50[39m
[34mℹ suites 0[39m
[34mℹ pass 50[39m
[34mℹ fail 0[39m
[34mℹ cancelled 0[39m
[34mℹ skipped 0[39m
[34mℹ todo 0[39m
[34mℹ duration_ms 2326.253503[39m
[34mℹ start of coverage report
ℹ -----------------------------------------------------------------------------------
ℹ file                               | [31mline %[34m | [31mbranch %[34m | [31mfuncs %[34m | uncovered lines
ℹ -----------------------------------------------------------------------------------
ℹ src                                | [31m      [34m | [31m        [34m | [31m       [34m | 
ℹ  frontend                          | [31m      [34m | [31m        [34m | [31m       [34m | 
ℹ   src                              | [31m      [34m | [31m        [34m | [31m       [34m | 
ℹ    [32mconfig.js                      [34m | [32m100.00[34m | [32m  100.00[34m | [32m 100.00[34m | 
ℹ    features                        | [31m      [34m | [31m        [34m | [31m       [34m | 
ℹ     estimate                       | [31m      [34m | [31m        [34m | [31m       [34m | 
ℹ      [32mestimateController.js        [34m | [32m100.00[34m | [32m  100.00[34m | [32m 100.00[34m | 
ℹ     ingestion                      | [31m      [34m | [31m        [34m | [31m       [34m | 
ℹ      [32mingestionController.js       [34m | [32m100.00[34m | [32m  100.00[34m | [32m 100.00[34m | 
ℹ     layers                         | [31m      [34m | [31m        [34m | [31m       [34m | 
ℹ      [32mlayerController.js           [34m | [32m100.00[34m | [32m  100.00[34m | [32m 100.00[34m | 
ℹ     mapSelection                   | [31m      [34m | [31m        [34m | [31m       [34m | 
ℹ      [32mmapSelectionController.js    [34m | [32m100.00[34m | [32m  100.00[34m | [32m 100.00[34m | 
ℹ     propertyDetails                | [31m      [34m | [31m        [34m | [31m       [34m | 
ℹ      [32mpropertyDetailController.js  [34m | [32m100.00[34m | [32m  100.00[34m | [32m 100.00[34m | 
ℹ     search                         | [31m      [34m | [31m        [34m | [31m       [34m | 
ℹ      [32msearchController.js          [34m | [32m100.00[34m | [32m  100.00[34m | [32m 100.00[34m | 
ℹ     warnings                       | [31m      [34m | [31m        [34m | [31m       [34m | 
ℹ      [32mwarningController.js         [34m | [32m100.00[34m | [32m  100.00[34m | [32m 100.00[34m | 
ℹ    map                             | [31m      [34m | [31m        [34m | [31m       [34m | 
ℹ     [32mmapAdapter.js                 [34m | [32m100.00[34m | [32m  100.00[34m | [32m 100.00[34m | 
ℹ    services                        | [31m      [34m | [31m        [34m | [31m       [34m | 
ℹ     api                            | [31m      [34m | [31m        [34m | [31m       [34m | 
ℹ      [32mapiClient.js                 [34m | [32m100.00[34m | [32m  100.00[34m | [32m 100.00[34m | 
ℹ    state                           | [31m      [34m | [31m        [34m | [31m       [34m | 
ℹ     [32mstore.js                      [34m | [32m100.00[34m | [32m  100.00[34m | [32m 100.00[34m | 
ℹ    utils                           | [31m      [34m | [31m        [34m | [31m       [34m | 
ℹ     [32mdebounce.js                   [34m | [32m100.00[34m | [32m  100.00[34m | [32m 100.00[34m | 
ℹ     [32mdom.js                        [34m | [32m100.00[34m | [32m  100.00[34m | [32m 100.00[34m | 
ℹ -----------------------------------------------------------------------------------
ℹ all files                          | [32m100.00[34m | [32m  100.00[34m | [32m 100.00[34m | 
ℹ -----------------------------------------------------------------------------------
ℹ end of coverage report
[39m